<html>
<head>
<title>TestNG:  Default test</title>
<link href="../testng.css" rel="stylesheet" type="text/css" />
<link href="../my-testng.css" rel="stylesheet" type="text/css" />

<style type="text/css">
.log { display: none;} 
.stack-trace { display: none;} 
</style>
<script type="text/javascript">
<!--
function flip(e) {
  current = e.style.display;
  if (current == 'block') {
    e.style.display = 'none';
    return 0;
  }
  else {
    e.style.display = 'block';
    return 1;
  }
}

function toggleBox(szDivId, elem, msg1, msg2)
{
  var res = -1;  if (document.getElementById) {
    res = flip(document.getElementById(szDivId));
  }
  else if (document.all) {
    // this is the way old msie versions work
    res = flip(document.all[szDivId]);
  }
  if(elem) {
    if(res == 0) elem.innerHTML = msg1; else elem.innerHTML = msg2;
  }

}

function toggleAllBoxes() {
  if (document.getElementsByTagName) {
    d = document.getElementsByTagName('div');
    for (i = 0; i < d.length; i++) {
      if (d[i].className == 'log') {
        flip(d[i]);
      }
    }
  }
}

// -->
</script>

</head>
<body>
<h2 align='center'>Default test</h2><table border='1' align="center">
<tr>
<td>Tests passed/Failed/Skipped:</td><td>5/2/0</td>
</tr><tr>
<td>Started on:</td><td>Thu May 19 19:50:44 IST 2022</td>
</tr>
<tr><td>Total time:</td><td>62 seconds (62999 ms)</td>
</tr><tr>
<td>Included groups:</td><td></td>
</tr><tr>
<td>Excluded groups:</td><td></td>
</tr>
</table><p/>
<small><i>(Hover the method name to see the test class name)</i></small><p/>
<table width='100%' border='1' class='invocation-failed'>
<tr><td colspan='4' align='center'><b>FAILED TESTS</b></td></tr>
<tr><td><b>Test method</b></td>
<td width="30%"><b>Exception</b></td>
<td width="10%"><b>Time (seconds)</b></td>
<td><b>Instance</b></td>
</tr>
<tr>
<td title='cucumberOptions.OpenCartSearchRunner.runScenario()'><b>runScenario</b><br>Test class: cucumberOptions.OpenCartSearchRunner<br>Test method: Runs Cucumber Scenarios<br>Parameters: "Validate the working of Search functionality Grid view", "Optional[Search product functionality]"</td>
<td><div><pre>java.lang.AssertionError: StepFail:By defoult product not in a List view on search page expected [true] but found [false]
	at org.testng.Assert.fail(Assert.java:99)
	at org.testng.Assert.failNotEquals(Assert.java:1037)
	at org.testng.Assert.assertEqualsImpl(Assert.java:140)
	at org.testng.Assert.assertEquals(Assert.java:122)
	at org.testng.Assert.assertEquals(Assert.java:819)
	at stepDefinitions.OpenCartSerchStepDefinition.bydefault_products_view_in_the_list_and_click_on_the_grid_something(OpenCartSerchStepDefinition.java:111)
	at ?.Bydefault products view in the list and click on the Grid &quot;true&quot;(file:///C:/Users/Rahul/git/FinalProject/CucumberDemo1/src/test/java/feature/OpenCartSearch.feature:56)
</pre></div><a href='#' onClick='toggleBox("stack-trace150783284", this, "Click to show all stack frames", "Click to hide stack frames")'>Click to show all stack frames</a>
<div class='stack-trace' id='stack-trace150783284'><pre>java.lang.AssertionError: StepFail:By defoult product not in a List view on search page expected [true] but found [false]
	at org.testng.Assert.fail(Assert.java:99)
	at org.testng.Assert.failNotEquals(Assert.java:1037)
	at org.testng.Assert.assertEqualsImpl(Assert.java:140)
	at org.testng.Assert.assertEquals(Assert.java:122)
	at org.testng.Assert.assertEquals(Assert.java:819)
	at stepDefinitions.OpenCartSerchStepDefinition.bydefault_products_view_in_the_list_and_click_on_the_grid_something(OpenCartSerchStepDefinition.java:111)
	at ?.Bydefault products view in the list and click on the Grid &quot;true&quot;(file:///C:/Users/Rahul/git/FinalProject/CucumberDemo1/src/test/java/feature/OpenCartSearch.feature:56)
</pre></div></td>
<td>8</td>
<td>cucumberOptions.OpenCartSearchRunner@397fbdb</td></tr>
<tr>
<td title='cucumberOptions.OpenCartSearchRunner.runScenario()'><b>runScenario</b><br>Test class: cucumberOptions.OpenCartSearchRunner<br>Test method: Runs Cucumber Scenarios<br>Parameters: "Validate the working of Search functionality with existing product after login", "Optional[Search product functionality]"</td>
<td><div><pre>java.lang.AssertionError: StepFail: Login is unsuccessful expected [true] but found [false]
	at org.testng.Assert.fail(Assert.java:99)
	at org.testng.Assert.failNotEquals(Assert.java:1037)
	at org.testng.Assert.assertTrue(Assert.java:45)
	at stepDefinitions.OpenCartSerchStepDefinition.user_on_the_home_page_with_login_something(OpenCartSerchStepDefinition.java:55)
	at ?.User on the Home page with login &quot;true&quot;(file:///C:/Users/Rahul/git/FinalProject/CucumberDemo1/src/test/java/feature/OpenCartSearch.feature:28)
</pre></div><a href='#' onClick='toggleBox("stack-trace1801756410", this, "Click to show all stack frames", "Click to hide stack frames")'>Click to show all stack frames</a>
<div class='stack-trace' id='stack-trace1801756410'><pre>java.lang.AssertionError: StepFail: Login is unsuccessful expected [true] but found [false]
	at org.testng.Assert.fail(Assert.java:99)
	at org.testng.Assert.failNotEquals(Assert.java:1037)
	at org.testng.Assert.assertTrue(Assert.java:45)
	at stepDefinitions.OpenCartSerchStepDefinition.user_on_the_home_page_with_login_something(OpenCartSerchStepDefinition.java:55)
	at ?.User on the Home page with login &quot;true&quot;(file:///C:/Users/Rahul/git/FinalProject/CucumberDemo1/src/test/java/feature/OpenCartSearch.feature:28)
</pre></div></td>
<td>10</td>
<td>cucumberOptions.OpenCartSearchRunner@397fbdb</td></tr>
</table><p>
<table width='100%' border='1' class='invocation-passed'>
<tr><td colspan='4' align='center'><b>PASSED TESTS</b></td></tr>
<tr><td><b>Test method</b></td>
<td width="30%"><b>Exception</b></td>
<td width="10%"><b>Time (seconds)</b></td>
<td><b>Instance</b></td>
</tr>
<tr>
<td title='cucumberOptions.OpenCartSearchRunner.runScenario()'><b>runScenario</b><br>Test class: cucumberOptions.OpenCartSearchRunner<br>Test method: Runs Cucumber Scenarios<br>Parameters: "Validate the working of Search functionality with existing product", "Optional[Search product functionality]"</td>
<td></td>
<td>10</td>
<td>cucumberOptions.OpenCartSearchRunner@397fbdb</td></tr>
<tr>
<td title='cucumberOptions.OpenCartSearchRunner.runScenario()'><b>runScenario</b><br>Test class: cucumberOptions.OpenCartSearchRunner<br>Test method: Runs Cucumber Scenarios<br>Parameters: "Validate the working of Search functionality without passing any product and validating Search criteria feature", "Optional[Search product functionality]"</td>
<td></td>
<td>7</td>
<td>cucumberOptions.OpenCartSearchRunner@397fbdb</td></tr>
<tr>
<td title='cucumberOptions.OpenCartSearchRunner.runScenario()'><b>runScenario</b><br>Test class: cucumberOptions.OpenCartSearchRunner<br>Test method: Runs Cucumber Scenarios<br>Parameters: "Validate the working of Search functionality with existing multiple product", "Optional[Search product functionality]"</td>
<td></td>
<td>8</td>
<td>cucumberOptions.OpenCartSearchRunner@397fbdb</td></tr>
<tr>
<td title='cucumberOptions.OpenCartSearchRunner.runScenario()'><b>runScenario</b><br>Test class: cucumberOptions.OpenCartSearchRunner<br>Test method: Runs Cucumber Scenarios<br>Parameters: "Validate the working of Search functionality By Adding product to compare", "Optional[Search product functionality]"</td>
<td></td>
<td>9</td>
<td>cucumberOptions.OpenCartSearchRunner@397fbdb</td></tr>
<tr>
<td title='cucumberOptions.OpenCartSearchRunner.runScenario()'><b>runScenario</b><br>Test class: cucumberOptions.OpenCartSearchRunner<br>Test method: Runs Cucumber Scenarios<br>Parameters: "Validate the working of Search functionality with non existing product", "Optional[Search product functionality]"</td>
<td></td>
<td>6</td>
<td>cucumberOptions.OpenCartSearchRunner@397fbdb</td></tr>
</table><p>
</body>
</html>