<?xml version="1.0" encoding="UTF-8"?>
<!-- Generated by org.testng.reporters.JUnitXMLReporter -->
<testsuite ignored="0" hostname="DESKTOP-BEBTCQ0" failures="2" tests="7" name="Default test" time="62.999" errors="0" timestamp="2022-05-19T19:51:47 IST">
  <testcase classname="io.cucumber.testng.AbstractTestNGCucumberTests" name="runScenario" time="10.754"/>
  <testcase classname="io.cucumber.testng.AbstractTestNGCucumberTests" name="runScenario" time="6.442"/>
  <testcase classname="io.cucumber.testng.AbstractTestNGCucumberTests" name="runScenario" time="7.889"/>
  <testcase classname="io.cucumber.testng.AbstractTestNGCucumberTests" name="runScenario" time="10.317">
    <failure type="java.lang.AssertionError" message="StepFail: Login is unsuccessful expected [true] but found [false]">
      <![CDATA[java.lang.AssertionError: StepFail: Login is unsuccessful expected [true] but found [false]
at org.testng.Assert.fail(Assert.java:99)
at org.testng.Assert.failNotEquals(Assert.java:1037)
at org.testng.Assert.assertTrue(Assert.java:45)
at stepDefinitions.OpenCartSerchStepDefinition.user_on_the_home_page_with_login_something(OpenCartSerchStepDefinition.java:55)
at ✽.User on the Home page with login "true"(file:///C:/Users/Rahul/git/FinalProject/CucumberDemo1/src/test/java/feature/OpenCartSearch.feature:28)
]]>
    </failure>
  </testcase> <!-- runScenario -->
  <testcase classname="io.cucumber.testng.AbstractTestNGCucumberTests" name="runScenario" time="8.117"/>
  <testcase classname="io.cucumber.testng.AbstractTestNGCucumberTests" name="runScenario" time="9.775"/>
  <testcase classname="io.cucumber.testng.AbstractTestNGCucumberTests" name="runScenario" time="8.929">
    <failure type="java.lang.AssertionError" message="StepFail:By defoult product not in a List view on search page expected [true] but found [false]">
      <![CDATA[java.lang.AssertionError: StepFail:By defoult product not in a List view on search page expected [true] but found [false]
at org.testng.Assert.fail(Assert.java:99)
at org.testng.Assert.failNotEquals(Assert.java:1037)
at org.testng.Assert.assertEqualsImpl(Assert.java:140)
at org.testng.Assert.assertEquals(Assert.java:122)
at org.testng.Assert.assertEquals(Assert.java:819)
at stepDefinitions.OpenCartSerchStepDefinition.bydefault_products_view_in_the_list_and_click_on_the_grid_something(OpenCartSerchStepDefinition.java:111)
at ✽.Bydefault products view in the list and click on the Grid "true"(file:///C:/Users/Rahul/git/FinalProject/CucumberDemo1/src/test/java/feature/OpenCartSearch.feature:56)
]]>
    </failure>
  </testcase> <!-- runScenario -->
</testsuite> <!-- Default test -->
